###############################################################################
#
# IAR ANSI C/C++ Compiler V9.50.2.385/W64 for ARM         20/Dec/2025  12:44:30
# Copyright 1999-2024 IAR Systems AB.
#
#    Cpu mode                     =  thumb
#    Endian                       =  little
#    Source file                  =
#        C:\Users\andre\Desktop\code\Application\Led\Led.cpp
#    Command line                 =
#        -f
#        C:\Users\andre\Desktop\code\Debug\Obj\Led_14876625504071601537.dir\Led.o.rsp
#        (C:\Users\andre\Desktop\code\Application\Led\Led.cpp -lC
#        C:\Users\andre\Desktop\code\Debug\List\Led_14876625504071601537.dir
#        -lA
#        C:\Users\andre\Desktop\code\Debug\List\Led_14876625504071601537.dir -o
#        C:\Users\andre\Desktop\code\Debug\Obj\Led_14876625504071601537.dir
#        --no_cse --no_unroll --no_inline --no_code_motion --no_tbaa
#        --no_clustering --no_scheduling --debug --endian=little
#        --cpu=Cortex-M4 -e --fpu=VFPv4_sp --dlib_config "C:\Program Files\IAR
#        Systems\Embedded Workbench 9.2\arm\inc\c\DLib_Config_Normal.h" -I
#        C:\Users\andre\Desktop\code\Common\ -I
#        C:\Users\andre\Desktop\code\AHardware\Registers\STM32F411\FieldValues\
#        -I C:\Users\andre\Desktop\code\AHardware\Registers\STM32F411\ -I
#        C:\Users\andre\Desktop\code\AHardware\Registers\ -I
#        C:\Users\andre\Desktop\code\AHardware\Registers\CortexM4\ -I
#        C:\Users\andre\Desktop\code\AHardware\Registers\CortexM4\FieldValues\
#        -I C:\Users\andre\Desktop\code\Application\Led\Contracts\ -I
#        C:\Users\andre\Desktop\code\Application\Led\ -I
#        C:\Users\andre\Desktop\code\Application\Mode\Contracts\ -I
#        C:\Users\andre\Desktop\code\Application\Button\ -I
#        C:\Users\andre\Desktop\code\Application\Button\Contrats\ -I
#        C:\Users\andre\Desktop\code\Application\LcdController\ -I
#        C:\Users\andre\Desktop\code\Application\LcdController\Contracts\ -I
#        C:\Users\andre\Desktop\code\Application\Mode\ -On --c++
#        --no_exceptions --no_rtti) --dependencies=n
#        C:\Users\andre\Desktop\code\Debug\Obj\Led_14876625504071601537.dir\Led.o.iar_deps
#    Locale                       =  C
#    List file                    =
#        C:\Users\andre\Desktop\code\Debug\List\Led_14876625504071601537.dir\Led.lst
#    Object file                  =
#        C:\Users\andre\Desktop\code\Debug\Obj\Led_14876625504071601537.dir\Led.o
#    Runtime model:                  
#      __CPP_Exceptions           =  Disabled
#      __CPP_Language             =  C++14
#      __CPP_Library              =  DLib
#      __CPP_Runtime              =  1
#      __SystemLibrary            =  DLib
#      __dlib_file_descriptor     =  0
#      __dlib_full_locale_support =  0
#      __dlib_version             =  6
#
###############################################################################

C:\Users\andre\Desktop\code\Application\Led\Led.cpp
      1          #include "Led.h"

   \                                 In section .text, align 2
   \   __vfp ILedToggable::subobject ILedToggable() noexcept
   \                     _ZN12ILedToggableC2Ev: (+1)
   \        0x0   0xB510             PUSH     {R4,LR}
   \        0x2   0x0004             MOVS     R4,R0
   \        0x4   0x0020             MOVS     R0,R4
   \        0x6   0x.... 0x....      BL       _ZN12ILedToggableC1Ev
   \        0xA   0xBD10             POP      {R4,PC}

   \                                 In section .text, align 2
   \   __vfp ILedToggable::ILedToggable() noexcept
   \                     _ZN12ILedToggableC1Ev: (+1)
   \        0x0   0x4770             BX       LR

   \                                 In section .text, align 2
   \   __vfp ILedOnOff::subobject ILedOnOff() noexcept
   \                     _ZN9ILedOnOffC2Ev: (+1)
   \        0x0   0xB510             PUSH     {R4,LR}
   \        0x2   0x0004             MOVS     R4,R0
   \        0x4   0x0020             MOVS     R0,R4
   \        0x6   0x.... 0x....      BL       _ZN9ILedOnOffC1Ev
   \        0xA   0xBD10             POP      {R4,PC}

   \                                 In section .text, align 2
   \   __vfp ILedOnOff::ILedOnOff() noexcept
   \                     _ZN9ILedOnOffC1Ev: (+1)
   \        0x0   0x4770             BX       LR
      2          #include <cassert>
      3          

   \                                 In section .text, align 2, keep-with-next
   \   __vfp Led::subobject Led(uint32_t, uint32_t)
   \                     _ZN3LedC2Ejj: (+1)
   \        0x0   0xB510             PUSH     {R4,LR}
   \        0x2   0x0004             MOVS     R4,R0
   \        0x4   0x0020             MOVS     R0,R4
   \        0x6   0x.... 0x....      BL       _ZN3LedC1Ejj
   \        0xA   0xBD10             POP      {R4,PC}

   \                                 In section .text, align 2, keep-with-next
      4          Led::Led(std::uint32_t pinNum, std::uint32_t registerAddress): //its own method
      5                mPinNum(pinNum), // number of pin
      6                mRegisterPtr(reinterpret_cast<std::uint32_t*>(registerAddress)) //address of pins
      7              {
   \                     _ZN3LedC1Ejj: (+1)
   \        0x0   0xB570             PUSH     {R4-R6,LR}
   \        0x2   0x0004             MOVS     R4,R0
   \        0x4   0x000D             MOVS     R5,R1
   \        0x6   0x0016             MOVS     R6,R2
   \        0x8   0x0020             MOVS     R0,R4
   \        0xA   0x.... 0x....      BL       _ZN12ILedToggableC2Ev
   \        0xE   0x1D20             ADDS     R0,R4,#+4
   \       0x10   0x.... 0x....      BL       _ZN9ILedOnOffC2Ev
   \       0x14   0x....             LDR.N    R1,??DataTable2
   \       0x16   0xF111 0x0008      ADDS     R0,R1,#+8
   \       0x1A   0x6020             STR      R0,[R4, #+0]
   \       0x1C   0xF111 0x001C      ADDS     R0,R1,#+28
   \       0x20   0x6060             STR      R0,[R4, #+4]
   \       0x22   0x60A5             STR      R5,[R4, #+8]
   \       0x24   0x60E6             STR      R6,[R4, #+12]
      8                
      9              }
   \       0x26   0x0020             MOVS     R0,R4
   \       0x28   0xBD70             POP      {R4-R6,PC}
     10              

   \                                 In section .text, align 2, keep-with-next
     11              void Led::Toggle() const 
     12              {
   \                     _ZNK3Led6ToggleEv: (+1)
   \        0x0   0xB510             PUSH     {R4,LR}
   \        0x2   0x0004             MOVS     R4,R0
     13                assert(mPinNum <= 15);
   \        0x4   0x68A0             LDR      R0,[R4, #+8]
   \        0x6   0x2810             CMP      R0,#+16
   \        0x8   0xD306             BCC.N    ??Toggle_0
   \        0xA   0x220D             MOVS     R2,#+13
   \        0xC   0x....             LDR.N    R1,??DataTable2_1
   \        0xE   0x....             LDR.N    R0,??DataTable2_2
   \       0x10   0x.... 0x....      BL       __aeabi_assert
   \       0x14   0x.... 0x....      BL       __iar_EmptyStepPoint
     14                *mRegisterPtr ^= (1 << mPinNum); //switches on and of using number of pin
   \                     ??Toggle_0: (+1)
   \       0x18   0x68E0             LDR      R0,[R4, #+12]
   \       0x1A   0x6801             LDR      R1,[R0, #+0]
   \       0x1C   0x2201             MOVS     R2,#+1
   \       0x1E   0x68A0             LDR      R0,[R4, #+8]
   \       0x20   0x4082             LSLS     R2,R2,R0
   \       0x22   0x4051             EORS     R1,R2,R1
   \       0x24   0x68E0             LDR      R0,[R4, #+12]
   \       0x26   0x6001             STR      R1,[R0, #+0]
     15              }
   \       0x28   0xBD10             POP      {R4,PC}
     16              

   \                                 In section .text, align 2, keep-with-next
     17              void Led::On () const 
     18              {
     19                *mRegisterPtr |= (1 << mPinNum);
   \                     _ZNK3Led2OnEv: (+1)
   \        0x0   0x68C1             LDR      R1,[R0, #+12]
   \        0x2   0x680A             LDR      R2,[R1, #+0]
   \        0x4   0x2301             MOVS     R3,#+1
   \        0x6   0x6881             LDR      R1,[R0, #+8]
   \        0x8   0x408B             LSLS     R3,R3,R1
   \        0xA   0x431A             ORRS     R2,R3,R2
   \        0xC   0x68C1             LDR      R1,[R0, #+12]
   \        0xE   0x600A             STR      R2,[R1, #+0]
     20              }
   \       0x10   0x4770             BX       LR

   \                                 In section .text, align 2, keep-with-next
     21              void Led::Off () const 
     22              {
     23                *mRegisterPtr &= ~(1 << mPinNum);
   \                     _ZNK3Led3OffEv: (+1)
   \        0x0   0x68C1             LDR      R1,[R0, #+12]
   \        0x2   0x680A             LDR      R2,[R1, #+0]
   \        0x4   0x2301             MOVS     R3,#+1
   \        0x6   0x6881             LDR      R1,[R0, #+8]
   \        0x8   0x408B             LSLS     R3,R3,R1
   \        0xA   0x439A             BICS     R2,R2,R3
   \        0xC   0x68C1             LDR      R1,[R0, #+12]
   \        0xE   0x600A             STR      R2,[R1, #+0]
     24              }
   \       0x10   0x4770             BX       LR

   \                                 In section .text, align 4, keep-with-next
   \                     ??DataTable2:
   \        0x0   0x....'....        DC32     _ZTV3Led

   \                                 In section .text, align 4, keep-with-next
   \                     ??DataTable2_1:
   \        0x0   0x....'....        DC32     ?_1

   \                                 In section .text, align 4, keep-with-next
   \                     ??DataTable2_2:
   \        0x0   0x....'....        DC32     ?_0

   \                                 In section .text, align 2, keep-with-next
   \   __vfp void Led::On for ILedOnOff/-4/() const
   \                     _ZThn4_NK3Led2OnEv: (+1)
   \        0x0   0x1F00             SUBS     R0,R0,#+4
   \        0x2                      REQUIRE _ZNK3Led2OnEv
   \        0x2                      ;; // Fall through to label Led::On() const

   \                                 In section .text, align 2, keep-with-next
   \   __vfp void Led::Off for ILedOnOff/-4/() const
   \                     _ZThn4_NK3Led3OffEv: (+1)
   \        0x0   0x1F00             SUBS     R0,R0,#+4
   \        0x2                      REQUIRE _ZNK3Led3OffEv
   \        0x2                      ;; // Fall through to label Led::Off() const

   \                                 In section .rodata, align 4
   \                     ?_0:
   \        0x0   0x6D 0x50          DC8 "mPinNum <= 15"
   \              0x69 0x6E    
   \              0x4E 0x75    
   \              0x6D 0x20    
   \              0x3C 0x3D    
   \              0x20 0x31    
   \              0x35 0x00
   \        0xE                      DS8 2

   \                                 In section .rodata, align 4
   \                     ?_1:
   \        0x0   0x43 0x3A          DC8 0x43, 0x3A, 0x5C, 0x55, 0x73, 0x65, 0x72, 0x73
   \              0x5C 0x55    
   \              0x73 0x65    
   \              0x72 0x73
   \        0x8   0x5C 0x61          DC8 0x5C, 0x61, 0x6E, 0x64, 0x72, 0x65, 0x5C, 0x44
   \              0x6E 0x64    
   \              0x72 0x65    
   \              0x5C 0x44
   \       0x10   0x65 0x73          DC8 0x65, 0x73, 0x6B, 0x74, 0x6F, 0x70, 0x5C, 0x63
   \              0x6B 0x74    
   \              0x6F 0x70    
   \              0x5C 0x63
   \       0x18   0x6F 0x64          DC8 0x6F, 0x64, 0x65, 0x5C, 0x41, 0x70, 0x70, 0x6C
   \              0x65 0x5C    
   \              0x41 0x70    
   \              0x70 0x6C
   \       0x20   0x69 0x63          DC8 0x69, 0x63, 0x61, 0x74, 0x69, 0x6F, 0x6E, 0x5C
   \              0x61 0x74    
   \              0x69 0x6F    
   \              0x6E 0x5C
   \       0x28   0x4C 0x65          DC8 0x4C, 0x65, 0x64, 0x5C, 0x4C, 0x65, 0x64, 0x2E
   \              0x64 0x5C    
   \              0x4C 0x65    
   \              0x64 0x2E
   \       0x30   0x63 0x70          DC8 0x63, 0x70, 0x70, 0
   \              0x70 0x00

   Maximum stack usage in bytes:

   .cstack Function
   ------- --------
       0   ILedOnOff::ILedOnOff() noexcept
       8   ILedOnOff::subobject ILedOnOff() noexcept
         8   -> ILedOnOff::ILedOnOff() noexcept
       0   ILedToggable::ILedToggable() noexcept
       8   ILedToggable::subobject ILedToggable() noexcept
         8   -> ILedToggable::ILedToggable() noexcept
      16   Led::Led(uint32_t, uint32_t)
        16   -> ILedOnOff::subobject ILedOnOff() noexcept
        16   -> ILedToggable::subobject ILedToggable() noexcept
       0   Led::Off for ILedOnOff/-4/() const
         0   -> Led::Off() const
       0   Led::Off() const
       0   Led::On for ILedOnOff/-4/() const
         0   -> Led::On() const
       0   Led::On() const
       8   Led::Toggle() const
         8   -> __aeabi_assert
         8   -> __iar_EmptyStepPoint
       8   Led::subobject Led(uint32_t, uint32_t)
         8   -> Led::Led(uint32_t, uint32_t)


   Section sizes:

   Bytes  Function/Label
   -----  --------------
       4  ??DataTable2
       4  ??DataTable2_1
       4  ??DataTable2_2
      16  ?_0
      52  ?_1
       2  ILedOnOff::ILedOnOff() noexcept
      12  ILedOnOff::subobject ILedOnOff() noexcept
       2  ILedToggable::ILedToggable() noexcept
      12  ILedToggable::subobject ILedToggable() noexcept
      42  Led::Led(uint32_t, uint32_t)
       2  Led::Off for ILedOnOff/-4/() const
      18  Led::Off() const
       2  Led::On for ILedOnOff/-4/() const
      18  Led::On() const
      42  Led::Toggle() const
      12  Led::subobject Led(uint32_t, uint32_t)
     144  -- Other

 
 212 bytes in section .rodata
 176 bytes in section .text
 
 148 bytes of CODE  memory (+  28 bytes shared)
  68 bytes of CONST memory (+ 144 bytes shared)

Errors: none
Warnings: none
